<?xml version="1.0" encoding="UTF-8"?>
<!-- Generated by org.testng.reporters.JUnitReportReporter -->
<testsuite hostname="EPINHYDW0F94" failures="0" tests="4" name="com.ebay.search.test.EbaySearchTest" time="14.953" errors="0" timestamp="2024-06-06T15:01:41 IST" skipped="0">
  <testcase classname="com.ebay.search.test.EbaySearchTest" name="SearchMethod_Test4" time="4.104"/>
  <testcase classname="com.ebay.search.test.EbaySearchTest" name="SearchMethod_Test3" time="4.908"/>
  <testcase classname="com.ebay.search.test.EbaySearchTest" name="SearchMethod_Test1" time="3.327"/>
  <testcase classname="com.ebay.search.test.EbaySearchTest" name="SearchMethod_Test2" time="2.614"/>
</testsuite> <!-- com.ebay.search.test.EbaySearchTest -->
